<?xml version="1.0" encoding="UTF-8"?>
<testng-results skipped="0" failed="0" total="2" passed="2">
  <reporter-output>
  </reporter-output>
  <suite name="Yahoo" duration-ms="103" started-at="2016-11-13T19:13:35Z" finished-at="2016-11-13T19:13:35Z">
    <groups>
    </groups>
    <test name="Simple New Test" duration-ms="37" started-at="2016-11-13T19:13:35Z" finished-at="2016-11-13T19:13:35Z">
      <class name="package1.AppTest">
        <test-method status="PASS" signature="google_test()[pri:0, instance:package1.AppTest@6b2fad11]" name="google_test" duration-ms="7" started-at="2016-11-13T11:13:35Z" finished-at="2016-11-13T11:13:35Z">
          <reporter-output>
          </reporter-output>
        </test-method> <!-- google_test -->
      </class> <!-- package1.AppTest -->
    </test> <!-- Simple New Test -->
    <test name="Yahoo Test" duration-ms="1" started-at="2016-11-13T19:13:35Z" finished-at="2016-11-13T19:13:35Z">
      <class name="package1.Yahoo_test">
        <test-method status="PASS" signature="google_test()[pri:0, instance:package1.Yahoo_test@4cb2c100]" name="google_test" duration-ms="0" started-at="2016-11-13T11:13:35Z" finished-at="2016-11-13T11:13:35Z">
          <reporter-output>
          </reporter-output>
        </test-method> <!-- google_test -->
      </class> <!-- package1.Yahoo_test -->
    </test> <!-- Yahoo Test -->
  </suite> <!-- Yahoo -->
</testng-results>
