<?xml version="1.0" encoding="UTF-8"?>
<testng-results skipped="0" failed="0" total="2" passed="2">
  <reporter-output>
  </reporter-output>
  <suite name="Yahoo" duration-ms="129" started-at="2016-11-13T18:41:45Z" finished-at="2016-11-13T18:41:45Z">
    <groups>
    </groups>
    <test name="Simple New Test" duration-ms="72" started-at="2016-11-13T18:41:45Z" finished-at="2016-11-13T18:41:45Z">
      <class name="package1.AppTest">
        <test-method status="PASS" signature="google_test()[pri:0, instance:package1.AppTest@61832929]" name="google_test" duration-ms="34" started-at="2016-11-13T10:41:45Z" finished-at="2016-11-13T10:41:45Z">
          <reporter-output>
          </reporter-output>
        </test-method> <!-- google_test -->
      </class> <!-- package1.AppTest -->
    </test> <!-- Simple New Test -->
    <test name="Yahoo Test" duration-ms="8" started-at="2016-11-13T18:41:45Z" finished-at="2016-11-13T18:41:45Z">
      <class name="package1.Yahoo_test">
        <test-method status="PASS" signature="google_test()[pri:0, instance:package1.Yahoo_test@39c0f4a]" name="google_test" duration-ms="3" started-at="2016-11-13T10:41:45Z" finished-at="2016-11-13T10:41:45Z">
          <reporter-output>
          </reporter-output>
        </test-method> <!-- google_test -->
      </class> <!-- package1.Yahoo_test -->
    </test> <!-- Yahoo Test -->
  </suite> <!-- Yahoo -->
</testng-results>
